2021-07-06 21:24:08:248 [32minfo[39m: [32mserver running on port 8080[39m
2021-07-06 21:24:08:248 [32minfo[39m: [32mconnected to database[39m
2021-07-06 21:24:33:2433 [32minfo[39m: [32mserver running on port 8080[39m
2021-07-06 21:24:33:2433 [32minfo[39m: [32mconnected to database[39m
2021-07-06 21:25:12:2512 [32minfo[39m: [32mserver running on port 8080[39m
2021-07-06 21:25:12:2512 [32minfo[39m: [32mconnected to database[39m
2021-07-06 21:26:02:262 [32minfo[39m: [32mserver running on port 8080[39m
2021-07-06 21:26:02:262 [32minfo[39m: [32mconnected to database[39m
2021-07-06 21:28:24:2824 [35mhttp[39m: [35mPOST /api/v1/auth/login 400 25 - 2.365 ms[39m
[35m[39m
2021-07-06 21:29:01:291 [35mhttp[39m: [35mPOST /api/v1/auth/login 400 25 - 0.658 ms[39m
[35m[39m
2021-07-06 21:30:40:3040 [32minfo[39m: [32mserver running on port 8080[39m
2021-07-06 21:30:40:3040 [32minfo[39m: [32mconnected to database[39m
2021-07-06 21:30:44:3044 [35mhttp[39m: [35mPOST /api/v1/auth/login 400 25 - 3.152 ms[39m
[35m[39m
2021-07-06 21:30:49:3049 [32minfo[39m: [32mserver running on port 8080[39m
2021-07-06 21:30:49:3049 [32minfo[39m: [32mconnected to database[39m
2021-07-06 21:33:19:3319 [32minfo[39m: [32mserver running on port 8080[39m
2021-07-06 21:33:19:3319 [32minfo[39m: [32mconnected to database[39m
2021-07-06 21:33:21:3321 [35mhttp[39m: [35mPOST /api/v1/auth/login 404 28 - 1.860 ms[39m
[35m[39m
2021-07-06 21:33:28:3328 [32minfo[39m: [32mserver running on port 8080[39m
2021-07-06 21:33:28:3328 [32minfo[39m: [32mconnected to database[39m
2021-07-06 21:34:34:3434 [32minfo[39m: [32mserver running on port 8080[39m
2021-07-06 21:34:34:3434 [32minfo[39m: [32mconnected to database[39m
2021-07-06 21:34:38:3438 [35mhttp[39m: [35mGET /api/v1/auth/login-with-token 400 25 - 3.036 ms[39m
[35m[39m
2021-07-06 21:34:47:3447 [35mhttp[39m: [35mPOST /api/v1/auth/login 400 25 - 0.496 ms[39m
[35m[39m
2021-07-06 21:35:05:355 [32minfo[39m: [32mserver running on port 8080[39m
2021-07-06 21:35:05:355 [32minfo[39m: [32mconnected to database[39m
2021-07-06 21:35:08:358 [35mhttp[39m: [35mPOST /api/v1/auth/login 400 27 - 2.385 ms[39m
[35m[39m
2021-07-06 21:35:44:3544 [32minfo[39m: [32mserver running on port 8080[39m
2021-07-06 21:35:44:3544 [32minfo[39m: [32mconnected to database[39m
2021-07-06 21:35:46:3546 [35mhttp[39m: [35mPOST /api/v1/auth/login 400 27 - 3.758 ms[39m
[35m[39m
2021-07-06 21:36:27:3627 [35mhttp[39m: [35mPOST /api/v1/auth/login 400 27 - 0.879 ms[39m
[35m[39m
2021-07-06 21:37:13:3713 [35mhttp[39m: [35mPOST /api/v1/auth/login 400 27 - 0.613 ms[39m
[35m[39m
2021-07-06 21:39:36:3936 [31merror[39m: [31mOperation `users.find()` buffering timed out after 10000ms[39m
2021-07-06 21:39:36:3936 [35mhttp[39m: [35mPOST /api/v1/auth/login 200 26 - 10006.950 ms[39m
[35m[39m
2021-07-06 21:39:41:3941 [31merror[39m: [31mOperation `users.find()` buffering timed out after 10000ms[39m
2021-07-06 21:39:41:3941 [35mhttp[39m: [35mPOST /api/v1/auth/login 200 26 - 10006.550 ms[39m
[35m[39m
2021-07-06 21:43:19:4319 [32minfo[39m: [32mserver running on port 8080[39m
2021-07-06 21:43:21:4321 [32minfo[39m: [32mconnected to database[39m
2021-07-06 21:45:35:4535 [32minfo[39m: [32mserver running on port 8080[39m
2021-07-06 21:45:36:4536 [32minfo[39m: [32mconnected to database[39m
2021-07-06 21:45:39:4539 [32minfo[39m: [32mserver running on port 8080[39m
2021-07-06 21:45:39:4539 [32minfo[39m: [32mconnected to database[39m
2021-07-06 21:46:00:460 [32minfo[39m: [32mserver running on port 8080[39m
2021-07-06 21:46:00:460 [32minfo[39m: [32mconnected to database[39m
2021-07-06 21:46:03:463 [35mhttp[39m: [35mPOST /api/v1/auth/login 500 26 - 86.716 ms[39m
[35m[39m
2021-07-06 21:46:50:4650 [32minfo[39m: [32mserver running on port 8080[39m
2021-07-06 21:46:51:4651 [32minfo[39m: [32mconnected to database[39m
2021-07-06 21:46:53:4653 [35mhttp[39m: [35mPOST /api/v1/auth/login 500 26 - 95.390 ms[39m
[35m[39m
2021-07-06 21:47:06:476 [32minfo[39m: [32mserver running on port 8080[39m
2021-07-06 21:47:07:477 [32minfo[39m: [32mconnected to database[39m
2021-07-06 21:47:08:478 [35mhttp[39m: [35mPOST /api/v1/auth/login 500 26 - 94.850 ms[39m
[35m[39m
2021-07-06 21:47:25:4725 [32minfo[39m: [32mserver running on port 8080[39m
2021-07-06 21:47:26:4726 [32minfo[39m: [32mconnected to database[39m
2021-07-06 21:47:56:4756 [35mhttp[39m: [35mPOST /api/v1/auth/login 500 26 - 89.137 ms[39m
[35m[39m
2021-07-06 21:47:59:4759 [35mhttp[39m: [35mPOST /api/v1/auth/login 500 26 - 71.792 ms[39m
[35m[39m
2021-07-06 21:48:27:4827 [35mhttp[39m: [35mPOST /api/v1/auth/login 500 26 - 76.923 ms[39m
[35m[39m
2021-07-06 21:48:31:4831 [35mhttp[39m: [35mPOST /api/v1/auth/login 500 26 - 76.168 ms[39m
[35m[39m
2021-07-06 21:50:12:5012 [35mhttp[39m: [35mPOST /api/v1/auth/login 500 26 - 70.512 ms[39m
[35m[39m
2021-07-06 21:50:16:5016 [35mhttp[39m: [35mPOST /api/v1/auth/login 500 26 - 76.257 ms[39m
[35m[39m
2021-07-06 21:51:08:518 [32minfo[39m: [32mserver running on port 8080[39m
2021-07-06 21:51:09:519 [32minfo[39m: [32mconnected to database[39m
2021-07-06 21:53:10:5310 [32minfo[39m: [32mserver running on port 8080[39m
2021-07-06 21:53:11:5311 [32minfo[39m: [32mconnected to database[39m
2021-07-06 21:57:05:575 [32minfo[39m: [32mserver running on port 8080[39m
2021-07-06 21:57:27:5727 [32minfo[39m: [32mserver running on port 8080[39m
2021-07-06 21:57:27:5727 [32minfo[39m: [32mconnected to database[39m
2021-07-06 21:57:50:5750 [32minfo[39m: [32mserver running on port 8080[39m
2021-07-06 21:57:51:5751 [32minfo[39m: [32mconnected to database[39m
2021-07-07 01:36:52:3652 [32minfo[39m: [32mserver running on port 8080[39m
2021-07-07 01:36:53:3653 [32minfo[39m: [32mconnected to database[39m
2021-07-07 03:23:08:238 [32minfo[39m: [32mserver running on port 8080[39m
2021-07-07 03:23:08:238 [32minfo[39m: [32mconnected to database[39m
2021-07-07 03:24:15:2415 [32minfo[39m: [32mserver running on port 8080[39m
2021-07-07 03:24:16:2416 [32minfo[39m: [32mconnected to database[39m
2021-07-07 03:24:41:2441 [32minfo[39m: [32mserver running on port 8080[39m
2021-07-07 03:24:41:2441 [32minfo[39m: [32mconnected to database[39m
2021-07-07 03:25:10:2510 [32minfo[39m: [32mserver running on port 8080[39m
2021-07-07 03:25:11:2511 [32minfo[39m: [32mconnected to database[39m
2021-07-07 03:25:27:2527 [32minfo[39m: [32mserver running on port 8080[39m
2021-07-07 03:25:28:2528 [32minfo[39m: [32mconnected to database[39m
2021-07-07 03:26:00:260 [32minfo[39m: [32mserver running on port 8080[39m
2021-07-07 03:26:01:261 [32minfo[39m: [32mconnected to database[39m
2021-07-07 03:27:28:2728 [32minfo[39m: [32mserver running on port 8080[39m
2021-07-07 03:27:29:2729 [32minfo[39m: [32mconnected to database[39m
2021-07-07 03:27:42:2742 [32minfo[39m: [32mserver running on port 8080[39m
2021-07-07 03:27:43:2743 [32minfo[39m: [32mconnected to database[39m
2021-07-07 03:28:22:2822 [32minfo[39m: [32mserver running on port 8080[39m
2021-07-07 03:28:22:2822 [32minfo[39m: [32mconnected to database[39m
2021-07-07 03:28:25:2825 [32minfo[39m: [32mserver running on port 8080[39m
2021-07-07 03:28:26:2826 [32minfo[39m: [32mconnected to database[39m
2021-07-07 03:28:30:2830 [32minfo[39m: [32mserver running on port 8080[39m
2021-07-07 03:28:31:2831 [32minfo[39m: [32mconnected to database[39m
2021-07-07 03:30:05:305 [32minfo[39m: [32mserver running on port 8080[39m
2021-07-07 03:30:06:306 [32minfo[39m: [32mconnected to database[39m
2021-07-07 03:30:51:3051 [32minfo[39m: [32mserver running on port 8080[39m
2021-07-07 03:30:52:3052 [32minfo[39m: [32mconnected to database[39m
2021-07-07 03:31:31:3131 [32minfo[39m: [32mserver running on port 8080[39m
2021-07-07 03:31:32:3132 [32minfo[39m: [32mconnected to database[39m
2021-07-07 03:32:44:3244 [32minfo[39m: [32mserver running on port 8080[39m
2021-07-07 03:32:45:3245 [32minfo[39m: [32mconnected to database[39m
2021-07-07 03:32:55:3255 [32minfo[39m: [32mserver running on port 8080[39m
2021-07-07 03:32:55:3255 [32minfo[39m: [32mconnected to database[39m
2021-07-07 03:33:10:3310 [32minfo[39m: [32mserver running on port 8080[39m
2021-07-07 03:33:11:3311 [32minfo[39m: [32mconnected to database[39m
2021-07-07 03:33:50:3350 [32minfo[39m: [32mserver running on port 8080[39m
2021-07-07 03:33:51:3351 [32minfo[39m: [32mconnected to database[39m
2021-07-07 03:34:05:345 [32minfo[39m: [32mserver running on port 8080[39m
2021-07-07 03:34:06:346 [32minfo[39m: [32mconnected to database[39m
2021-07-07 03:35:34:3534 [31merror[39m: [31merror is not defined[39m
2021-07-07 03:35:34:3534 [35mhttp[39m: [35mPOST /api/v1/auth/register 200 26 - 7.509 ms[39m
[35m[39m
2021-07-07 03:36:41:3641 [32minfo[39m: [32mserver running on port 8080[39m
2021-07-07 03:36:42:3642 [32minfo[39m: [32mconnected to database[39m
2021-07-07 03:36:43:3643 [32minfo[39m: [32mserver running on port 8080[39m
2021-07-07 03:36:44:3644 [32minfo[39m: [32mconnected to database[39m
2021-07-07 03:36:47:3647 [35mhttp[39m: [35mPOST /api/v1/auth/register 400 12 - 5.094 ms[39m
[35m[39m
2021-07-07 03:37:19:3719 [32minfo[39m: [32mserver running on port 8080[39m
2021-07-07 03:37:19:3719 [32minfo[39m: [32mconnected to database[39m
2021-07-07 03:38:20:3820 [35mhttp[39m: [35mPOST /api/v1/auth/register 400 12 - 10.346 ms[39m
[35m[39m
2021-07-07 03:38:42:3842 [32minfo[39m: [32mserver running on port 8080[39m
2021-07-07 03:38:43:3843 [32minfo[39m: [32mconnected to database[39m
2021-07-07 03:39:08:398 [32minfo[39m: [32mserver running on port 8080[39m
2021-07-07 03:39:09:399 [32minfo[39m: [32mconnected to database[39m
2021-07-07 03:40:02:402 [32minfo[39m: [32mserver running on port 8080[39m
2021-07-07 03:40:03:403 [32minfo[39m: [32mconnected to database[39m
2021-07-07 03:40:04:404 [32minfo[39m: [32mserver running on port 8080[39m
2021-07-07 03:40:05:405 [32minfo[39m: [32mconnected to database[39m
2021-07-07 03:40:37:4037 [32minfo[39m: [32mserver running on port 8080[39m
2021-07-07 03:40:38:4038 [32minfo[39m: [32mconnected to database[39m
2021-07-07 03:41:43:4143 [35mhttp[39m: [35mPOST /api/v1/auth/register 200 92505 - 436.176 ms[39m
[35m[39m
2021-07-07 03:42:08:428 [35mhttp[39m: [35mPOST /api/v1/auth/login-with-token 400 25 - 2.067 ms[39m
[35m[39m
2021-07-07 03:42:49:4249 [35mhttp[39m: [35mPOST /api/v1/auth/login-with-token 400 25 - 0.617 ms[39m
[35m[39m
2021-07-07 03:44:45:4445 [35mhttp[39m: [35mPOST /api/v1/auth/login-with-token 400 25 - 0.701 ms[39m
[35m[39m
2021-07-07 03:45:20:4520 [35mhttp[39m: [35mPOST /api/v1/auth/login-with-token 400 25 - 0.615 ms[39m
[35m[39m
2021-07-07 03:47:57:4757 [32minfo[39m: [32mserver running on port 8080[39m
2021-07-07 03:47:58:4758 [32minfo[39m: [32mconnected to database[39m
2021-07-07 03:48:42:4842 [35mhttp[39m: [35mPOST /api/v1/auth/register 200 644 - 452.216 ms[39m
[35m[39m
2021-07-07 03:49:21:4921 [32minfo[39m: [32mserver running on port 8080[39m
2021-07-07 03:49:22:4922 [32minfo[39m: [32mconnected to database[39m
2021-07-07 03:49:29:4929 [31merror[39m: [31mCast to ObjectId failed for value "{ data: '60e4f9e96ee3c024f621dbf2', iat: 1625618922, exp: 1657176522 }" (type Object) at path "_id" for model "User"[39m
2021-07-07 03:49:29:4929 [35mhttp[39m: [35mPOST /api/v1/auth/login-with-token 200 26 - 12.742 ms[39m
[35m[39m
2021-07-07 03:49:37:4937 [31merror[39m: [31mCast to ObjectId failed for value "{ data: '60e4f9e96ee3c024f621dbf2', iat: 1625618922, exp: 1657176522 }" (type Object) at path "_id" for model "User"[39m
2021-07-07 03:49:37:4937 [35mhttp[39m: [35mPOST /api/v1/auth/login-with-token 200 26 - 2.092 ms[39m
[35m[39m
2021-07-07 03:50:38:5038 [32minfo[39m: [32mserver running on port 8080[39m
2021-07-07 03:50:39:5039 [32minfo[39m: [32mconnected to database[39m
2021-07-07 03:50:44:5044 [35mhttp[39m: [35mPOST /api/v1/auth/login-with-token 200 511 - 108.268 ms[39m
[35m[39m
