2021-07-10 16:42:25:4225 [31merror[39m: [31mCould not connect to any servers in your MongoDB Atlas cluster. One common reason is that you're trying to access the database from an IP that isn't whitelisted. Make sure your current IP address is on your Atlas cluster's IP whitelist: https://docs.atlas.mongodb.com/security-whitelist/[39m
2021-07-10 16:42:25:4225 [31merror[39m: [31mCould not connect to any servers in your MongoDB Atlas cluster. One common reason is that you're trying to access the database from an IP that isn't whitelisted. Make sure your current IP address is on your Atlas cluster's IP whitelist: https://docs.atlas.mongodb.com/security-whitelist/[39m
2021-07-10 16:42:25:4225 [31merror[39m: [31mCould not connect to any servers in your MongoDB Atlas cluster. One common reason is that you're trying to access the database from an IP that isn't whitelisted. Make sure your current IP address is on your Atlas cluster's IP whitelist: https://docs.atlas.mongodb.com/security-whitelist/[39m
2021-07-10 16:42:25:4225 [31merror[39m: [31mCould not connect to any servers in your MongoDB Atlas cluster. One common reason is that you're trying to access the database from an IP that isn't whitelisted. Make sure your current IP address is on your Atlas cluster's IP whitelist: https://docs.atlas.mongodb.com/security-whitelist/[39m
2021-07-10 16:42:25:4225 [31merror[39m: [31mCould not connect to any servers in your MongoDB Atlas cluster. One common reason is that you're trying to access the database from an IP that isn't whitelisted. Make sure your current IP address is on your Atlas cluster's IP whitelist: https://docs.atlas.mongodb.com/security-whitelist/[39m
2021-07-10 16:42:25:4225 [31merror[39m: [31mCould not connect to any servers in your MongoDB Atlas cluster. One common reason is that you're trying to access the database from an IP that isn't whitelisted. Make sure your current IP address is on your Atlas cluster's IP whitelist: https://docs.atlas.mongodb.com/security-whitelist/[39m
2021-07-10 16:42:26:4226 [31merror[39m: [31mCould not connect to any servers in your MongoDB Atlas cluster. One common reason is that you're trying to access the database from an IP that isn't whitelisted. Make sure your current IP address is on your Atlas cluster's IP whitelist: https://docs.atlas.mongodb.com/security-whitelist/[39m
2021-07-10 16:42:26:4226 [31merror[39m: [31mCould not connect to any servers in your MongoDB Atlas cluster. One common reason is that you're trying to access the database from an IP that isn't whitelisted. Make sure your current IP address is on your Atlas cluster's IP whitelist: https://docs.atlas.mongodb.com/security-whitelist/[39m
2021-07-10 16:42:26:4226 [31merror[39m: [31mCould not connect to any servers in your MongoDB Atlas cluster. One common reason is that you're trying to access the database from an IP that isn't whitelisted. Make sure your current IP address is on your Atlas cluster's IP whitelist: https://docs.atlas.mongodb.com/security-whitelist/[39m
2021-07-10 16:42:26:4226 [31merror[39m: [31mCould not connect to any servers in your MongoDB Atlas cluster. One common reason is that you're trying to access the database from an IP that isn't whitelisted. Make sure your current IP address is on your Atlas cluster's IP whitelist: https://docs.atlas.mongodb.com/security-whitelist/[39m
2021-07-10 16:43:17:4317 [31merror[39m: [31mCould not connect to any servers in your MongoDB Atlas cluster. One common reason is that you're trying to access the database from an IP that isn't whitelisted. Make sure your current IP address is on your Atlas cluster's IP whitelist: https://docs.atlas.mongodb.com/security-whitelist/[39m
2021-07-10 16:43:17:4317 [31merror[39m: [31mCould not connect to any servers in your MongoDB Atlas cluster. One common reason is that you're trying to access the database from an IP that isn't whitelisted. Make sure your current IP address is on your Atlas cluster's IP whitelist: https://docs.atlas.mongodb.com/security-whitelist/[39m
2021-07-10 16:43:17:4317 [31merror[39m: [31mCould not connect to any servers in your MongoDB Atlas cluster. One common reason is that you're trying to access the database from an IP that isn't whitelisted. Make sure your current IP address is on your Atlas cluster's IP whitelist: https://docs.atlas.mongodb.com/security-whitelist/[39m
2021-07-10 16:43:17:4317 [31merror[39m: [31mCould not connect to any servers in your MongoDB Atlas cluster. One common reason is that you're trying to access the database from an IP that isn't whitelisted. Make sure your current IP address is on your Atlas cluster's IP whitelist: https://docs.atlas.mongodb.com/security-whitelist/[39m
2021-07-10 16:43:17:4317 [31merror[39m: [31mCould not connect to any servers in your MongoDB Atlas cluster. One common reason is that you're trying to access the database from an IP that isn't whitelisted. Make sure your current IP address is on your Atlas cluster's IP whitelist: https://docs.atlas.mongodb.com/security-whitelist/[39m
2021-07-10 16:43:57:4357 [31merror[39m: [31mCould not connect to any servers in your MongoDB Atlas cluster. One common reason is that you're trying to access the database from an IP that isn't whitelisted. Make sure your current IP address is on your Atlas cluster's IP whitelist: https://docs.atlas.mongodb.com/security-whitelist/[39m
2021-07-10 16:43:58:4358 [31merror[39m: [31mCould not connect to any servers in your MongoDB Atlas cluster. One common reason is that you're trying to access the database from an IP that isn't whitelisted. Make sure your current IP address is on your Atlas cluster's IP whitelist: https://docs.atlas.mongodb.com/security-whitelist/[39m
2021-07-10 16:43:58:4358 [31merror[39m: [31mCould not connect to any servers in your MongoDB Atlas cluster. One common reason is that you're trying to access the database from an IP that isn't whitelisted. Make sure your current IP address is on your Atlas cluster's IP whitelist: https://docs.atlas.mongodb.com/security-whitelist/[39m
2021-07-10 16:43:58:4358 [31merror[39m: [31mCould not connect to any servers in your MongoDB Atlas cluster. One common reason is that you're trying to access the database from an IP that isn't whitelisted. Make sure your current IP address is on your Atlas cluster's IP whitelist: https://docs.atlas.mongodb.com/security-whitelist/[39m
2021-07-10 16:43:59:4359 [31merror[39m: [31mCould not connect to any servers in your MongoDB Atlas cluster. One common reason is that you're trying to access the database from an IP that isn't whitelisted. Make sure your current IP address is on your Atlas cluster's IP whitelist: https://docs.atlas.mongodb.com/security-whitelist/[39m
2021-07-10 17:44:27:4427 [31merror[39m: [31mtype is not defined[39m
2021-07-10 17:44:47:4447 [31merror[39m: [31mcontent is not defined[39m
2021-07-10 17:45:07:457 [31merror[39m: [31mCannot read property 'to' of undefined[39m
2021-07-10 17:49:50:4950 [31merror[39m: [31mCannot read property 'to' of undefined[39m
2021-07-10 17:54:40:5440 [31merror[39m: [31mio is not defined[39m
2021-07-10 17:54:42:5442 [31merror[39m: [31mio is not defined[39m
2021-07-10 17:54:42:5442 [31merror[39m: [31mio is not defined[39m
2021-07-10 17:54:42:5442 [31merror[39m: [31mio is not defined[39m
2021-07-10 17:55:12:5512 [31merror[39m: [31mCannot read property 'get' of undefined[39m
